Arguments: 
  /usr/local/Cellar/node/11.3.0_1/bin/node /usr/local/bin/yarn

PATH: 
  /usr/local/bin:/usr/bin:/bin:/usr/sbin:/sbin:/usr/local/go/bin:/opt/X11/bin:/Applications/Wireshark.app/Contents/MacOS

Yarn version: 
  1.12.3

Node version: 
  11.3.0

Platform: 
  darwin x64

Trace: 
  SyntaxError: /Users/deacix/Projects/Hackathon/approved.zone/package.json: Unexpected token } in JSON at position 613
      at JSON.parse (<anonymous>)
      at /usr/local/lib/node_modules/yarn/lib/cli.js:1631:59
      at Generator.next (<anonymous>)
      at step (/usr/local/lib/node_modules/yarn/lib/cli.js:304:30)
      at /usr/local/lib/node_modules/yarn/lib/cli.js:315:13

npm manifest: 
  {
    "name": "approved.zone",
    "version": "1.0.0",
    "scripts": {
      "ng": "ng",
      "start": "cd web && ng serve",
      "build": "cd web && ng build --prod --build-optimizer --aot=true",
      "test": "cd web && ng test",
      "lint": "cd web && ng lint",
      "e2e": "cd web && ng e2e",
      "postinstall": "node patch.js",
      "sm:test": "scripts/test.sh",
      "sm:compile": "etherlime compile --runs 200",
      "sm:deploy:dev": "etherlime compile && etherlime deploy",
      "presm:deploy:prod": "yarn run sm:compile",
      "sm:deploy:prod": "etherlime deploy --compile false --file ./deployment/deploy-mainnet.js",
    },
    "private": true,
    "dependencies": {
      "@angular/animations": "~7.1.0",
      "@angular/common": "~7.1.0",
      "@angular/compiler": "~7.1.0",
      "@angular/core": "~7.1.0",
      "@angular/forms": "~7.1.0",
      "@angular/platform-browser": "~7.1.0",
      "@angular/platform-browser-dynamic": "~7.1.0",
      "@angular/router": "~7.1.0",
      "bootstrap": "^4.2.1",
      "core-js": "^2.5.4",
      "eth-lib": "^0.2.8",
      "etherlime": "^1.0.0",
      "ethers": "^4.0.21",
      "ngx-bootstrap": "^3.1.4",
      "process": "^0.11.10",
      "rxjs": "~6.3.3",
      "tslib": "^1.9.0",
      "web3": "^1.0.0-beta.37",
      "zone.js": "~0.8.26"
    },
    "devDependencies": {
      "@angular-devkit/build-angular": "~0.11.0",
      "@angular/cli": "~7.1.4",
      "@angular/compiler-cli": "~7.1.0",
      "@angular/language-service": "~7.1.0",
      "@types/node": "~8.9.4",
      "@types/jasmine": "~2.8.8",
      "@types/jasminewd2": "~2.0.3",
      "codelyzer": "~4.5.0",
      "jasmine-core": "~2.99.1",
      "jasmine-spec-reporter": "~4.2.1",
      "karma": "~3.1.1",
      "karma-chrome-launcher": "~2.2.0",
      "karma-coverage-istanbul-reporter": "~2.0.1",
      "karma-jasmine": "~1.1.2",
      "karma-jasmine-html-reporter": "^0.2.2",
      "protractor": "~5.4.0",
      "ts-node": "~7.0.0",
      "tslint": "~5.11.0",
      "typescript": "~3.1.6"
    }
  }

yarn manifest: 
  No manifest

Lockfile: 
  No lockfile
